<?xml version="1.0" encoding="UTF-8"?>
<!-- Generated by org.testng.reporters.JUnitReportReporter -->
<testsuite ignored="0" hostname="DESKTOP-4Q8M1J5" failures="0" tests="1" name="TestCases.TestCases002" time="34.655" errors="0" timestamp="01 Mar 2021 09:35:48 GMT" skipped="0">
  <testcase classname="TestCases.TestCases002" name="AddEmp" time="34.655"/>
</testsuite> <!-- TestCases.TestCases002 -->
